<?xml version="1.0" encoding="UTF-8"?>
<!-- Generated by org.testng.reporters.JUnitXMLReporter -->
<testsuite ignored="0" hostname="LAPTOP-VRF7QEJL" failures="0" tests="3" name="Default test" time="0.054" errors="0" timestamp="2024-09-11T10:14:17 IST">
  <testcase classname="sample.DataProviderPractice" name="dataProviderPractice" time="0.006"/>
  <testcase classname="sample.DataProviderPractice" name="dataProviderPractice" time="0.001"/>
  <testcase classname="sample.DataProviderPractice" name="dataProviderPractice" time="0.001"/>
</testsuite> <!-- Default test -->
