<?xml version="1.0" encoding="UTF-8"?>
<testng-results ignored="0" total="1" passed="1" failed="0" skipped="0">
  <reporter-output>
  </reporter-output>
  <suite started-at="2024-09-16T08:58:00 IST" name="Default suite" finished-at="2024-09-16T08:58:00 IST" duration-ms="54">
    <groups>
    </groups>
    <test started-at="2024-09-16T08:58:00 IST" name="Default test" finished-at="2024-09-16T08:58:00 IST" duration-ms="54">
      <class name="sample.GitPractice">
        <test-method signature="gitPractice()[pri:0, instance:sample.GitPractice@4b741d6d]" started-at="2024-09-16T08:58:00 IST" name="gitPractice" finished-at="2024-09-16T08:58:00 IST" duration-ms="8" status="PASS">
          <reporter-output>
          </reporter-output>
        </test-method> <!-- gitPractice -->
      </class> <!-- sample.GitPractice -->
    </test> <!-- Default test -->
  </suite> <!-- Default suite -->
</testng-results>
